locked sun.nio.ch.FileLockImpl[0:9223372036854775807 exclusive valid]
 bindingValueChanged() detected for data list=ModuleList.selected.requireProject with newValue=[/u02/Projets/Velo.prj] source=org.openflexo.view.controller.WelcomePanelController@19e951c9
currentLocation=No object -  No perspective - No project
currentPerspective=null
currentObject=null
>>>>>>>> SWITCHING to viewpoint_perspective
On passe la 
object=null
******* Adding location editor=org.openflexo.view.controller.InteractiveFlexoEditor@3551b641 object=null perspective=viewpoint_perspective
La frame est notifiee et met a jour le titre
On est notifie par ici aussi
Parsing layout: {"type":"SPLIT","weight":0.0,"visible":true,"bounds":"[0,0,1440,741]","rowLayout":true,"children":[{"type":"SPLIT","weight":0.2,"visible":true,"bounds":"[0,0,284,741]","rowLayout":false,"children":[{"type":"LEAF","weight":1.0,"visible":true,"bounds":"[0,0,284,741]","name":"TOP_LEFT"},{"type":"DIVIDER","visible":false,"bounds":"[0,0,0,0]"},{"type":"LEAF","weight":0.3333333333333333,"visible":false,"bounds":"[0,0,0,0]","name":"MIDDLE_LEFT"},{"type":"DIVIDER","visible":false,"bounds":"[0,0,0,0]"},{"type":"LEAF","weight":0.5,"visible":false,"bounds":"[0,0,0,0]","name":"BOTTOM_LEFT"}],"name":"LEFT"},{"type":"DIVIDER","visible":true,"bounds":"[284,0,9,741]"},{"type":"SPLIT","weight":0.6,"visible":true,"bounds":"[293,0,1147,741]","rowLayout":false,"children":[{"type":"LEAF","weight":0.2,"visible":false,"bounds":"[0,0,0,0]","name":"TOP_CENTER"},{"type":"DIVIDER","visible":false,"bounds":"[0,0,0,0]"},{"type":"LEAF","weight":1.0,"visible":true,"bounds":"[293,0,1147,741]","name":"MIDDLE_CENTER"},{"type":"DIVIDER","visible":false,"bounds":"[0,0,0,0]"},{"type":"LEAF","weight":0.5,"visible":false,"bounds":"[0,0,0,0]","name":"BOTTOM_CENTER"}],"name":"CENTER"},{"type":"DIVIDER","visible":false,"bounds":"[1146,0,9,741]"},{"type":"SPLIT","weight":0.2,"visible":false,"bounds":"[1155,0,285,741]","rowLayout":false,"children":[{"type":"LEAF","weight":1.0,"visible":false,"bounds":"[1155,0,285,741]","name":"TOP_RIGHT"},{"type":"DIVIDER","visible":false,"bounds":"[0,0,0,0]"},{"type":"LEAF","weight":0.3333333333333333,"visible":false,"bounds":"[0,0,0,0]","name":"MIDDLE_RIGHT"},{"type":"DIVIDER","visible":false,"bounds":"[0,0,0,0]"},{"type":"LEAF","weight":0.5,"visible":false,"bounds":"[0,0,0,0]","name":"BOTTOM_RIGHT"}],"name":"RIGHT"}],"name":"ROOT"}
******* Adding location editor=org.openflexo.view.controller.InteractiveFlexoEditor@3551b641 object=org.openflexo.foundation.viewpoint.ViewPointLibrary@560e4e66 perspective=viewpoint_perspective
% Creating new node for org.openflexo.fge.swing.widget.JShapePreviewPanel[,0,0,0x0,invalid,layout=java.awt.BorderLayout,alignmentX=0.0,alignmentY=0.0,border=javax.swing.plaf.synth.SynthBorder@d3c58b7,flags=9,maximumSize=,minimumSize=,preferredSize=java.awt.Dimension[width=120,height=80]]
draw shape with org.openflexo.fge.GRBinding$ShapeGRBinding@74e45d2a drawable=org.openflexo.fge.swing.widget.JShapePreviewPanel[,0,0,0x0,invalid,layout=java.awt.BorderLayout,alignmentX=0.0,alignmentY=0.0,border=javax.swing.plaf.synth.SynthBorder@d3c58b7,flags=9,maximumSize=,minimumSize=,preferredSize=java.awt.Dimension[width=120,height=80]] parent=Root[120.0x80.0]:org.openflexo.fge.swing.widget.JShapePreviewPanel[,0,0,0x0,invalid,layout=java.awt.BorderLayout,alignmentX=0.0,alignmentY=0.0,border=javax.swing.plaf.synth.SynthBorder@d3c58b7,flags=9,maximumSize=,minimumSize=,preferredSize=java.awt.Dimension[width=120,height=80]]
Make Shape org.openflexo.fge.shapes.impl.ShapeImpl@5d75e5af with Rectangle11
On retourne org.openflexo.fge.shapes.impl.ShapeImpl@5d75e5af
Add child Shape--1[0.0;0.0][99.0x60.0][FGERectangle: (0.0,0.0,1.0,1.0)]:org.openflexo.fge.swing.widget.JShapePreviewPanel[,0,0,0x0,invalid,layout=java.awt.BorderLayout,alignmentX=0.0,alignmentY=0.0,border=javax.swing.plaf.synth.SynthBorder@d3c58b7,flags=9,maximumSize=,minimumSize=,preferredSize=java.awt.Dimension[width=120,height=80]] as child as Root[120.0x80.0]:org.openflexo.fge.swing.widget.JShapePreviewPanel[,0,0,0x0,invalid,layout=java.awt.BorderLayout,alignmentX=0.0,alignmentY=0.0,border=javax.swing.plaf.synth.SynthBorder@d3c58b7,flags=9,maximumSize=,minimumSize=,preferredSize=java.awt.Dimension[width=120,height=80]]
JDrawingView: org.openflexo.fge.swing.view.JDrawingView[,0,0,0x0,invalid,alignmentX=0.0,alignmentY=0.0,border=,flags=16777224,maximumSize=,minimumSize=,preferredSize=java.awt.Dimension[width=120,height=80],optimizedDrawingPossible=false]
% Creating new node for org.openflexo.fge.swing.widget.JShapePreviewPanel[,0,0,0x0,invalid,layout=java.awt.BorderLayout,alignmentX=0.0,alignmentY=0.0,border=javax.swing.plaf.synth.SynthBorder@3d98c66b,flags=9,maximumSize=,minimumSize=,preferredSize=java.awt.Dimension[width=120,height=80]]
draw shape with org.openflexo.fge.GRBinding$ShapeGRBinding@790aba64 drawable=org.openflexo.fge.swing.widget.JShapePreviewPanel[,0,0,0x0,invalid,layout=java.awt.BorderLayout,alignmentX=0.0,alignmentY=0.0,border=javax.swing.plaf.synth.SynthBorder@3d98c66b,flags=9,maximumSize=,minimumSize=,preferredSize=java.awt.Dimension[width=120,height=80]] parent=Root[120.0x80.0]:org.openflexo.fge.swing.widget.JShapePreviewPanel[,0,0,0x0,invalid,layout=java.awt.BorderLayout,alignmentX=0.0,alignmentY=0.0,border=javax.swing.plaf.synth.SynthBorder@3d98c66b,flags=9,maximumSize=,minimumSize=,preferredSize=java.awt.Dimension[width=120,height=80]]
Make Shape org.openflexo.fge.shapes.impl.ShapeImpl@2f533951 with Rectangle27
On retourne org.openflexo.fge.shapes.impl.ShapeImpl@2f533951
Add child Shape--1[0.0;0.0][99.0x60.0][FGERectangle: (0.0,0.0,1.0,1.0)]:org.openflexo.fge.swing.widget.JShapePreviewPanel[,0,0,0x0,invalid,layout=java.awt.BorderLayout,alignmentX=0.0,alignmentY=0.0,border=javax.swing.plaf.synth.SynthBorder@3d98c66b,flags=9,maximumSize=,minimumSize=,preferredSize=java.awt.Dimension[width=120,height=80]] as child as Root[120.0x80.0]:org.openflexo.fge.swing.widget.JShapePreviewPanel[,0,0,0x0,invalid,layout=java.awt.BorderLayout,alignmentX=0.0,alignmentY=0.0,border=javax.swing.plaf.synth.SynthBorder@3d98c66b,flags=9,maximumSize=,minimumSize=,preferredSize=java.awt.Dimension[width=120,height=80]]
JDrawingView: org.openflexo.fge.swing.view.JDrawingView[,0,0,0x0,invalid,alignmentX=0.0,alignmentY=0.0,border=,flags=16777224,maximumSize=,minimumSize=,preferredSize=java.awt.Dimension[width=120,height=80],optimizedDrawingPossible=false]
MDC= [MouseDragControlImpl[Move,LEFT], MouseDragControlImpl[Zoom,RIGHT], MouseDragControlImpl[Rectangle selection,LEFT,SHIFT], MouseDragControlImpl[Move,LEFT], MouseDragControlImpl[Zoom,RIGHT], MouseDragControlImpl[Rectangle selection,LEFT,SHIFT]]
% Creating new node for org.openflexo.fge.swing.widget.JConnectorPreviewPanel[,0,0,0x0,invalid,layout=java.awt.BorderLayout,alignmentX=0.0,alignmentY=0.0,border=javax.swing.plaf.synth.SynthBorder@2a3709d7,flags=9,maximumSize=,minimumSize=,preferredSize=java.awt.Dimension[width=250,height=80]]
draw shape with org.openflexo.fge.GRBinding$ShapeGRBinding@36717e8 drawable=org.openflexo.fge.swing.widget.JConnectorPreviewPanel[,0,0,0x0,invalid,layout=java.awt.BorderLayout,alignmentX=0.0,alignmentY=0.0,border=javax.swing.plaf.synth.SynthBorder@2a3709d7,flags=9,maximumSize=,minimumSize=,preferredSize=java.awt.Dimension[width=250,height=80]] parent=Root[250.0x80.0]:org.openflexo.fge.swing.widget.JConnectorPreviewPanel[,0,0,0x0,invalid,layout=java.awt.BorderLayout,alignmentX=0.0,alignmentY=0.0,border=javax.swing.plaf.synth.SynthBorder@2a3709d7,flags=9,maximumSize=,minimumSize=,preferredSize=java.awt.Dimension[width=250,height=80]]
Make Shape org.openflexo.fge.shapes.impl.ShapeImpl@65528216 with Rectangle41
On retourne org.openflexo.fge.shapes.impl.ShapeImpl@65528216
Add child Shape--1[10.0;10.0][20.0x20.0][FGERectangle: (0.0,0.0,1.0,1.0)]:org.openflexo.fge.swing.widget.JConnectorPreviewPanel[,0,0,0x0,invalid,layout=java.awt.BorderLayout,alignmentX=0.0,alignmentY=0.0,border=javax.swing.plaf.synth.SynthBorder@2a3709d7,flags=9,maximumSize=,minimumSize=,preferredSize=java.awt.Dimension[width=250,height=80]] as child as Root[250.0x80.0]:org.openflexo.fge.swing.widget.JConnectorPreviewPanel[,0,0,0x0,invalid,layout=java.awt.BorderLayout,alignmentX=0.0,alignmentY=0.0,border=javax.swing.plaf.synth.SynthBorder@2a3709d7,flags=9,maximumSize=,minimumSize=,preferredSize=java.awt.Dimension[width=250,height=80]]
% Creating new node for org.openflexo.fge.swing.widget.JConnectorPreviewPanel[,0,0,0x0,invalid,layout=java.awt.BorderLayout,alignmentX=0.0,alignmentY=0.0,border=javax.swing.plaf.synth.SynthBorder@2a3709d7,flags=9,maximumSize=,minimumSize=,preferredSize=java.awt.Dimension[width=250,height=80]]
draw shape with org.openflexo.fge.GRBinding$ShapeGRBinding@bdaa652 drawable=org.openflexo.fge.swing.widget.JConnectorPreviewPanel[,0,0,0x0,invalid,layout=java.awt.BorderLayout,alignmentX=0.0,alignmentY=0.0,border=javax.swing.plaf.synth.SynthBorder@2a3709d7,flags=9,maximumSize=,minimumSize=,preferredSize=java.awt.Dimension[width=250,height=80]] parent=Root[250.0x80.0]:org.openflexo.fge.swing.widget.JConnectorPreviewPanel[,0,0,0x0,invalid,layout=java.awt.BorderLayout,alignmentX=0.0,alignmentY=0.0,border=javax.swing.plaf.synth.SynthBorder@2a3709d7,flags=9,maximumSize=,minimumSize=,preferredSize=java.awt.Dimension[width=250,height=80]]
Make Shape org.openflexo.fge.shapes.impl.ShapeImpl@3fdd5792 with Rectangle50
On retourne org.openflexo.fge.shapes.impl.ShapeImpl@3fdd5792
Add child Shape--1[220.0;50.0][20.0x20.0][FGERectangle: (0.0,0.0,1.0,1.0)]:org.openflexo.fge.swing.widget.JConnectorPreviewPanel[,0,0,0x0,invalid,layout=java.awt.BorderLayout,alignmentX=0.0,alignmentY=0.0,border=javax.swing.plaf.synth.SynthBorder@2a3709d7,flags=9,maximumSize=,minimumSize=,preferredSize=java.awt.Dimension[width=250,height=80]] as child as Root[250.0x80.0]:org.openflexo.fge.swing.widget.JConnectorPreviewPanel[,0,0,0x0,invalid,layout=java.awt.BorderLayout,alignmentX=0.0,alignmentY=0.0,border=javax.swing.plaf.synth.SynthBorder@2a3709d7,flags=9,maximumSize=,minimumSize=,preferredSize=java.awt.Dimension[width=250,height=80]]
***** Nouveau ConnectorNode !!!! [Shape-0[10.0;10.0][20.0x20.0][FGERectangle: (0.0,0.0,1.0,1.0)]:org.openflexo.fge.swing.widget.JConnectorPreviewPanel[,0,0,0x0,invalid,layout=java.awt.BorderLayout,alignmentX=0.0,alignmentY=0.0,border=javax.swing.plaf.synth.SynthBorder@2a3709d7,flags=9,maximumSize=,minimumSize=,preferredSize=java.awt.Dimension[width=250,height=80]], Shape-1[220.0;50.0][20.0x20.0][FGERectangle: (0.0,0.0,1.0,1.0)]:org.openflexo.fge.swing.widget.JConnectorPreviewPanel[,0,0,0x0,invalid,layout=java.awt.BorderLayout,alignmentX=0.0,alignmentY=0.0,border=javax.swing.plaf.synth.SynthBorder@2a3709d7,flags=9,maximumSize=,minimumSize=,preferredSize=java.awt.Dimension[width=250,height=80]]]
draw connector with org.openflexo.fge.GRBinding$ConnectorGRBinding@5ca052ff drawable=org.openflexo.fge.swing.widget.JConnectorPreviewPanel[,0,0,0x0,invalid,layout=java.awt.BorderLayout,alignmentX=0.0,alignmentY=0.0,border=javax.swing.plaf.synth.SynthBorder@2a3709d7,flags=9,maximumSize=,minimumSize=,preferredSize=java.awt.Dimension[width=250,height=80]] parent=Root[250.0x80.0]:org.openflexo.fge.swing.widget.JConnectorPreviewPanel[,0,0,0x0,invalid,layout=java.awt.BorderLayout,alignmentX=0.0,alignmentY=0.0,border=javax.swing.plaf.synth.SynthBorder@2a3709d7,flags=9,maximumSize=,minimumSize=,preferredSize=java.awt.Dimension[width=250,height=80]] fromNode=Shape-0[10.0;10.0][20.0x20.0][FGERectangle: (0.0,0.0,1.0,1.0)]:org.openflexo.fge.swing.widget.JConnectorPreviewPanel[,0,0,0x0,invalid,layout=java.awt.BorderLayout,alignmentX=0.0,alignmentY=0.0,border=javax.swing.plaf.synth.SynthBorder@2a3709d7,flags=9,maximumSize=,minimumSize=,preferredSize=java.awt.Dimension[width=250,height=80]] toNode=Shape-1[220.0;50.0][20.0x20.0][FGERectangle: (0.0,0.0,1.0,1.0)]:org.openflexo.fge.swing.widget.JConnectorPreviewPanel[,0,0,0x0,invalid,layout=java.awt.BorderLayout,alignmentX=0.0,alignmentY=0.0,border=javax.swing.plaf.synth.SynthBorder@2a3709d7,flags=9,maximumSize=,minimumSize=,preferredSize=java.awt.Dimension[width=250,height=80]]
Je suis ConnectorImpl--1[Shape-0][???]:org.openflexo.fge.swing.widget.JConnectorPreviewPanel[,0,0,0x0,invalid,layout=java.awt.BorderLayout,alignmentX=0.0,alignmentY=0.0,border=javax.swing.plaf.synth.SynthBorder@2a3709d7,flags=9,maximumSize=,minimumSize=,preferredSize=java.awt.Dimension[width=250,height=80]] et j'observe Shape-0[10.0;10.0][20.0x20.0][FGERectangle: (0.0,0.0,1.0,1.0)]:org.openflexo.fge.swing.widget.JConnectorPreviewPanel[,0,0,0x0,invalid,layout=java.awt.BorderLayout,alignmentX=0.0,alignmentY=0.0,border=javax.swing.plaf.synth.SynthBorder@2a3709d7,flags=9,maximumSize=,minimumSize=,preferredSize=java.awt.Dimension[width=250,height=80]]
Add child ConnectorImpl--1[Shape-0][Shape-1]:org.openflexo.fge.swing.widget.JConnectorPreviewPanel[,0,0,0x0,invalid,layout=java.awt.BorderLayout,alignmentX=0.0,alignmentY=0.0,border=javax.swing.plaf.synth.SynthBorder@2a3709d7,flags=9,maximumSize=,minimumSize=,preferredSize=java.awt.Dimension[width=250,height=80]] as child as Root[250.0x80.0]:org.openflexo.fge.swing.widget.JConnectorPreviewPanel[,0,0,0x0,invalid,layout=java.awt.BorderLayout,alignmentX=0.0,alignmentY=0.0,border=javax.swing.plaf.synth.SynthBorder@2a3709d7,flags=9,maximumSize=,minimumSize=,preferredSize=java.awt.Dimension[width=250,height=80]]
JDrawingView: org.openflexo.fge.swing.view.JDrawingView[,0,0,0x0,invalid,alignmentX=0.0,alignmentY=0.0,border=,flags=16777544,maximumSize=,minimumSize=,preferredSize=java.awt.Dimension[width=250,height=80],optimizedDrawingPossible=false]
MDC= [MouseDragControlImpl[Move,LEFT], MouseDragControlImpl[Zoom,RIGHT], MouseDragControlImpl[Rectangle selection,LEFT,SHIFT], MouseDragControlImpl[Move,LEFT], MouseDragControlImpl[Zoom,RIGHT], MouseDragControlImpl[Rectangle selection,LEFT,SHIFT]]
% Creating new node for org.openflexo.fge.swing.widget.JConnectorPreviewPanel[,0,0,0x0,invalid,layout=java.awt.BorderLayout,alignmentX=0.0,alignmentY=0.0,border=javax.swing.plaf.synth.SynthBorder@af6d066,flags=9,maximumSize=,minimumSize=,preferredSize=java.awt.Dimension[width=250,height=80]]
draw shape with org.openflexo.fge.GRBinding$ShapeGRBinding@51ebde29 drawable=org.openflexo.fge.swing.widget.JConnectorPreviewPanel[,0,0,0x0,invalid,layout=java.awt.BorderLayout,alignmentX=0.0,alignmentY=0.0,border=javax.swing.plaf.synth.SynthBorder@af6d066,flags=9,maximumSize=,minimumSize=,preferredSize=java.awt.Dimension[width=250,height=80]] parent=Root[250.0x80.0]:org.openflexo.fge.swing.widget.JConnectorPreviewPanel[,0,0,0x0,invalid,layout=java.awt.BorderLayout,alignmentX=0.0,alignmentY=0.0,border=javax.swing.plaf.synth.SynthBorder@af6d066,flags=9,maximumSize=,minimumSize=,preferredSize=java.awt.Dimension[width=250,height=80]]
Make Shape org.openflexo.fge.shapes.impl.ShapeImpl@54467fc3 with Rectangle69
On retourne org.openflexo.fge.shapes.impl.ShapeImpl@54467fc3
Add child Shape--1[10.0;10.0][20.0x20.0][FGERectangle: (0.0,0.0,1.0,1.0)]:org.openflexo.fge.swing.widget.JConnectorPreviewPanel[,0,0,0x0,invalid,layout=java.awt.BorderLayout,alignmentX=0.0,alignmentY=0.0,border=javax.swing.plaf.synth.SynthBorder@af6d066,flags=9,maximumSize=,minimumSize=,preferredSize=java.awt.Dimension[width=250,height=80]] as child as Root[250.0x80.0]:org.openflexo.fge.swing.widget.JConnectorPreviewPanel[,0,0,0x0,invalid,layout=java.awt.BorderLayout,alignmentX=0.0,alignmentY=0.0,border=javax.swing.plaf.synth.SynthBorder@af6d066,flags=9,maximumSize=,minimumSize=,preferredSize=java.awt.Dimension[width=250,height=80]]
% Creating new node for org.openflexo.fge.swing.widget.JConnectorPreviewPanel[,0,0,0x0,invalid,layout=java.awt.BorderLayout,alignmentX=0.0,alignmentY=0.0,border=javax.swing.plaf.synth.SynthBorder@af6d066,flags=9,maximumSize=,minimumSize=,preferredSize=java.awt.Dimension[width=250,height=80]]
draw shape with org.openflexo.fge.GRBinding$ShapeGRBinding@606e066e drawable=org.openflexo.fge.swing.widget.JConnectorPreviewPanel[,0,0,0x0,invalid,layout=java.awt.BorderLayout,alignmentX=0.0,alignmentY=0.0,border=javax.swing.plaf.synth.SynthBorder@af6d066,flags=9,maximumSize=,minimumSize=,preferredSize=java.awt.Dimension[width=250,height=80]] parent=Root[250.0x80.0]:org.openflexo.fge.swing.widget.JConnectorPreviewPanel[,0,0,0x0,invalid,layout=java.awt.BorderLayout,alignmentX=0.0,alignmentY=0.0,border=javax.swing.plaf.synth.SynthBorder@af6d066,flags=9,maximumSize=,minimumSize=,preferredSize=java.awt.Dimension[width=250,height=80]]
Make Shape org.openflexo.fge.shapes.impl.ShapeImpl@57685137 with Rectangle78
On retourne org.openflexo.fge.shapes.impl.ShapeImpl@57685137
Add child Shape--1[220.0;50.0][20.0x20.0][FGERectangle: (0.0,0.0,1.0,1.0)]:org.openflexo.fge.swing.widget.JConnectorPreviewPanel[,0,0,0x0,invalid,layout=java.awt.BorderLayout,alignmentX=0.0,alignmentY=0.0,border=javax.swing.plaf.synth.SynthBorder@af6d066,flags=9,maximumSize=,minimumSize=,preferredSize=java.awt.Dimension[width=250,height=80]] as child as Root[250.0x80.0]:org.openflexo.fge.swing.widget.JConnectorPreviewPanel[,0,0,0x0,invalid,layout=java.awt.BorderLayout,alignmentX=0.0,alignmentY=0.0,border=javax.swing.plaf.synth.SynthBorder@af6d066,flags=9,maximumSize=,minimumSize=,preferredSize=java.awt.Dimension[width=250,height=80]]
***** Nouveau ConnectorNode !!!! [Shape-0[10.0;10.0][20.0x20.0][FGERectangle: (0.0,0.0,1.0,1.0)]:org.openflexo.fge.swing.widget.JConnectorPreviewPanel[,0,0,0x0,invalid,layout=java.awt.BorderLayout,alignmentX=0.0,alignmentY=0.0,border=javax.swing.plaf.synth.SynthBorder@af6d066,flags=9,maximumSize=,minimumSize=,preferredSize=java.awt.Dimension[width=250,height=80]], Shape-1[220.0;50.0][20.0x20.0][FGERectangle: (0.0,0.0,1.0,1.0)]:org.openflexo.fge.swing.widget.JConnectorPreviewPanel[,0,0,0x0,invalid,layout=java.awt.BorderLayout,alignmentX=0.0,alignmentY=0.0,border=javax.swing.plaf.synth.SynthBorder@af6d066,flags=9,maximumSize=,minimumSize=,preferredSize=java.awt.Dimension[width=250,height=80]]]
draw connector with org.openflexo.fge.GRBinding$ConnectorGRBinding@1ac1eb6 drawable=org.openflexo.fge.swing.widget.JConnectorPreviewPanel[,0,0,0x0,invalid,layout=java.awt.BorderLayout,alignmentX=0.0,alignmentY=0.0,border=javax.swing.plaf.synth.SynthBorder@af6d066,flags=9,maximumSize=,minimumSize=,preferredSize=java.awt.Dimension[width=250,height=80]] parent=Root[250.0x80.0]:org.openflexo.fge.swing.widget.JConnectorPreviewPanel[,0,0,0x0,invalid,layout=java.awt.BorderLayout,alignmentX=0.0,alignmentY=0.0,border=javax.swing.plaf.synth.SynthBorder@af6d066,flags=9,maximumSize=,minimumSize=,preferredSize=java.awt.Dimension[width=250,height=80]] fromNode=Shape-0[10.0;10.0][20.0x20.0][FGERectangle: (0.0,0.0,1.0,1.0)]:org.openflexo.fge.swing.widget.JConnectorPreviewPanel[,0,0,0x0,invalid,layout=java.awt.BorderLayout,alignmentX=0.0,alignmentY=0.0,border=javax.swing.plaf.synth.SynthBorder@af6d066,flags=9,maximumSize=,minimumSize=,preferredSize=java.awt.Dimension[width=250,height=80]] toNode=Shape-1[220.0;50.0][20.0x20.0][FGERectangle: (0.0,0.0,1.0,1.0)]:org.openflexo.fge.swing.widget.JConnectorPreviewPanel[,0,0,0x0,invalid,layout=java.awt.BorderLayout,alignmentX=0.0,alignmentY=0.0,border=javax.swing.plaf.synth.SynthBorder@af6d066,flags=9,maximumSize=,minimumSize=,preferredSize=java.awt.Dimension[width=250,height=80]]
Je suis ConnectorImpl--1[Shape-0][???]:org.openflexo.fge.swing.widget.JConnectorPreviewPanel[,0,0,0x0,invalid,layout=java.awt.BorderLayout,alignmentX=0.0,alignmentY=0.0,border=javax.swing.plaf.synth.SynthBorder@af6d066,flags=9,maximumSize=,minimumSize=,preferredSize=java.awt.Dimension[width=250,height=80]] et j'observe Shape-0[10.0;10.0][20.0x20.0][FGERectangle: (0.0,0.0,1.0,1.0)]:org.openflexo.fge.swing.widget.JConnectorPreviewPanel[,0,0,0x0,invalid,layout=java.awt.BorderLayout,alignmentX=0.0,alignmentY=0.0,border=javax.swing.plaf.synth.SynthBorder@af6d066,flags=9,maximumSize=,minimumSize=,preferredSize=java.awt.Dimension[width=250,height=80]]
Add child ConnectorImpl--1[Shape-0][Shape-1]:org.openflexo.fge.swing.widget.JConnectorPreviewPanel[,0,0,0x0,invalid,layout=java.awt.BorderLayout,alignmentX=0.0,alignmentY=0.0,border=javax.swing.plaf.synth.SynthBorder@af6d066,flags=9,maximumSize=,minimumSize=,preferredSize=java.awt.Dimension[width=250,height=80]] as child as Root[250.0x80.0]:org.openflexo.fge.swing.widget.JConnectorPreviewPanel[,0,0,0x0,invalid,layout=java.awt.BorderLayout,alignmentX=0.0,alignmentY=0.0,border=javax.swing.plaf.synth.SynthBorder@af6d066,flags=9,maximumSize=,minimumSize=,preferredSize=java.awt.Dimension[width=250,height=80]]
JDrawingView: org.openflexo.fge.swing.view.JDrawingView[,0,0,0x0,invalid,alignmentX=0.0,alignmentY=0.0,border=,flags=16777544,maximumSize=,minimumSize=,preferredSize=java.awt.Dimension[width=250,height=80],optimizedDrawingPossible=false]
ModuleInstance = org.openflexo.vpm.VPMModule@2690c123
PamelaResourceImpl Saving /home/xtof/.openflexo/Flexo.prefs
currentLocation=org.openflexo.foundation.viewpoint.ViewPointLibrary@560e4e66 - viewpoint_perspective
currentPerspective=viewpoint_perspective
currentObject=org.openflexo.foundation.viewpoint.ViewPointLibrary@560e4e66
>>>>>>>> SWITCHING to viewpoint_perspective
On passe la 
object=null
******* Adding location editor=org.openflexo.view.controller.InteractiveFlexoEditor@3551b641 object=null perspective=viewpoint_perspective
******* Adding location editor=org.openflexo.view.controller.InteractiveFlexoEditor@3551b641 object=org.openflexo.foundation.viewpoint.ViewPointLibrary@560e4e66 perspective=viewpoint_perspective
PamelaResourceImpl Saving /home/xtof/.openflexo/Flexo.prefs
PamelaResourceImpl Saving /home/xtof/.openflexo/Flexo.prefs
loadable=true
 bindingValueChanged() detected for enabled of org.openflexo.fib.view.widget.browser.FIBBrowserElementType@5efeee19 viewPoint.isLoaded with newValue=true source=ViewPointResourceImpl_$$_javassist_22.http://bleu.org.0.1.null
 bindingValueChanged() detected for visble of children subResources of org.openflexo.fib.view.widget.browser.FIBBrowserElementType@5efeee19 viewPoint.isLoaded with newValue=true source=ViewPointResourceImpl_$$_javassist_22.http://bleu.org.0.1.null
 bindingValueChanged() detected for data (as list) of children subResources of org.openflexo.fib.view.widget.browser.FIBBrowserElementType@5efeee19 viewPoint.contents with newValue=[VirtualModelResourceImpl_$$_javassist_23.http://bleu.org/Titi.null.null] source=ViewPointResourceImpl_$$_javassist_22.http://bleu.org.0.1.null
******* Adding location editor=org.openflexo.view.controller.InteractiveFlexoEditor@3551b641 object=ViewPoint:http://bleu.org perspective=viewpoint_perspective
 bindingValueChanged() detected for data list= with newValue=null source=org.openflexo.fib.view.widget.FIBTableWidget@6ad1d6c3
 bindingValueChanged() detected for data list= with newValue=null source=org.openflexo.fib.view.widget.FIBTableWidget@6ad1d6c3
 bindingValueChanged() detected for data list= with newValue=[VirtualModel:http://bleu.org/Titi] source=org.openflexo.view.controller.FlexoFIBController@7ec08144
 bindingValueChanged() detected for data list= with newValue=null source=org.openflexo.fib.view.widget.FIBTableWidget@6ad1d6c3
PamelaResourceImpl Saving /home/xtof/.openflexo/Flexo.prefs
 bindingValueChanged() detected for data list= with newValue=[] source=org.openflexo.fib.view.widget.FIBTableWidget@6ad1d6c3
Sets <html>
  <head>

  </head>
  <body>
    <p style="margin-top: 0">
      wxcv
    </p>
    <p style="margin-top: 0">
      wxcv
    </p>
    <p style="margin-top: 0">
      wxcv
    </p>
    <p style="margin-top: 0">
      xwcv
    </p>
    <p style="margin-top: 0">
      wxcv
    </p>
  </body>
</html>
 specificDescriptionKey=null
